LOGStart created on Monday 2024/10/14  UTC 11:35:59:854

Reading "OSDD Data"...
Reading Content "Start"
Reading properties for module "X20SLX210_110.MainSN".
  ParameterGroup "Basic_PLC" has 15 parameters.
  ParameterGroup "Safety_Response_Time_Defaults" has 11 parameters.
  ParameterGroup "Options" has 3 parameters.
  ParameterGroup "SafeDigitalInput01" has 5 parameters.
  ParameterGroup "SafeDigitalInput02" has 5 parameters.
  ParameterGroup "PulseOutput" has 2 parameters.
  ParameterGroup "http://www.br-automation.com" has 89 parameters.
Module "X20SLX210_110.MainSN.SL1.SM1" is of type "X20 SafeLOGIC Compact, 2xI, 24V, 1xCAT4" and has 1 external machine option objects.
Module "X20SLX210_110.MainSN.SL1.SM1" is of type "X20 SafeLOGIC Compact, 2xI, 24V, 1xCAT4" and has 2 external machine option objects.
Module "X20SLX210_110.MainSN.SL1.SM1" is of type "X20 SafeLOGIC Compact, 2xI, 24V, 1xCAT4" and has 3 external machine option objects.
Module "X20SLX210_110.MainSN.SL1.SM1" is of type "X20 SafeLOGIC Compact, 2xI, 24V, 1xCAT4" and has 4 external machine option objects.
Module "X20SLX210_110.MainSN.SL1.SM1" is of type "X20 SafeLOGIC Compact, 2xI, 24V, 1xCAT4" and has 5 external machine option objects.
Module "X20SLX210_110.MainSN.SL1.SM1" is of type "X20 SafeLOGIC Compact, 2xI, 24V, 1xCAT4" and has 6 external machine option objects.
Module "X20SLX210_110.MainSN.SL1.SM1" is of type "X20 SafeLOGIC Compact, 2xI, 24V, 1xCAT4" and has 7 external machine option objects.
Module "X20SLX210_110.MainSN.SL1.SM1" is of type "X20 SafeLOGIC Compact, 2xI, 24V, 1xCAT4" and has 8 external machine option objects.
Module "X20SLX210_110.MainSN.SL1.SM1" is of type "X20 SafeLOGIC Compact, 2xI, 24V, 1xCAT4" and has 9 external machine option objects.
Module "X20SLX210_110.MainSN.SL1.SM1" is of type "X20 SafeLOGIC Compact, 2xI, 24V, 1xCAT4" and has 10 external machine option objects.
Module "X20SLX210_110.MainSN.SL1.SM1" is of type "X20 SafeLOGIC Compact, 2xI, 24V, 1xCAT4" and has 11 external machine option objects.
Module "X20SLX210_110.MainSN.SL1.SM1" is of type "X20 SafeLOGIC Compact, 2xI, 24V, 1xCAT4" and has 12 external machine option objects.
Module "X20SLX210_110.MainSN.SL1.SM1" is of type "X20 SafeLOGIC Compact, 2xI, 24V, 1xCAT4" and has 13 external machine option objects.
Module "X20SLX210_110.MainSN.SL1.SM1" is of type "X20 SafeLOGIC Compact, 2xI, 24V, 1xCAT4" and has 14 external machine option objects.
Module "X20SLX210_110.MainSN.SL1.SM1" is of type "X20 SafeLOGIC Compact, 2xI, 24V, 1xCAT4" and has 15 external machine option objects.
Module "X20SLX210_110.MainSN.SL1.SM1" is of type "X20 SafeLOGIC Compact, 2xI, 24V, 1xCAT4" and has 16 external machine option objects.
Module "X20SLX210_110.MainSN.SL1.SM1" is of type "X20 SafeLOGIC Compact, 2xI, 24V, 1xCAT4" and has 17 external machine option objects.
Module "X20SLX210_110.MainSN.SL1.SM1" is of type "X20 SafeLOGIC Compact, 2xI, 24V, 1xCAT4" and has 18 external machine option objects.
Module "X20SLX210_110.MainSN.SL1.SM1" is of type "X20 SafeLOGIC Compact, 2xI, 24V, 1xCAT4" and has 19 external machine option objects.
Module "X20SLX210_110.MainSN.SL1.SM1" is of type "X20 SafeLOGIC Compact, 2xI, 24V, 1xCAT4" and has 20 external machine option objects.
Module "X20SLX210_110.MainSN.SL1.SM1" is of type "X20 SafeLOGIC Compact, 2xI, 24V, 1xCAT4" and has 21 external machine option objects.
Module "X20SLX210_110.MainSN.SL1.SM1" is of type "X20 SafeLOGIC Compact, 2xI, 24V, 1xCAT4" and has 22 external machine option objects.
Module "X20SLX210_110.MainSN.SL1.SM1" is of type "X20 SafeLOGIC Compact, 2xI, 24V, 1xCAT4" and has 23 external machine option objects.
Module "X20SLX210_110.MainSN.SL1.SM1" is of type "X20 SafeLOGIC Compact, 2xI, 24V, 1xCAT4" and has 24 external machine option objects.
Module "X20SLX210_110.MainSN.SL1.SM1" is of type "X20 SafeLOGIC Compact, 2xI, 24V, 1xCAT4" and has 25 external machine option objects.
Module "X20SLX210_110.MainSN.SL1.SM1" is of type "X20 SafeLOGIC Compact, 2xI, 24V, 1xCAT4" and has 26 external machine option objects.
Module "X20SLX210_110.MainSN.SL1.SM1" is of type "X20 SafeLOGIC Compact, 2xI, 24V, 1xCAT4" and has 27 external machine option objects.
Module "X20SLX210_110.MainSN.SL1.SM1" is of type "X20 SafeLOGIC Compact, 2xI, 24V, 1xCAT4" and has 28 external machine option objects.
Module "X20SLX210_110.MainSN.SL1.SM1" is of type "X20 SafeLOGIC Compact, 2xI, 24V, 1xCAT4" and has 29 external machine option objects.
Module "X20SLX210_110.MainSN.SL1.SM1" is of type "X20 SafeLOGIC Compact, 2xI, 24V, 1xCAT4" and has 30 external machine option objects.
Module "X20SLX210_110.MainSN.SL1.SM1" is of type "X20 SafeLOGIC Compact, 2xI, 24V, 1xCAT4" and has 31 external machine option objects.
Module "X20SLX210_110.MainSN.SL1.SM1" is of type "X20 SafeLOGIC Compact, 2xI, 24V, 1xCAT4" and has 32 external machine option objects.
Module "X20SLX210_110.MainSN.SL1.SM1" is of type "X20 SafeLOGIC Compact, 2xI, 24V, 1xCAT4" and has 33 external machine option objects.
Module "X20SLX210_110.MainSN.SL1.SM1" is of type "X20 SafeLOGIC Compact, 2xI, 24V, 1xCAT4" and has 34 external machine option objects.
Module "X20SLX210_110.MainSN.SL1.SM1" is of type "X20 SafeLOGIC Compact, 2xI, 24V, 1xCAT4" and has 35 external machine option objects.
Module "X20SLX210_110.MainSN.SL1.SM1" is of type "X20 SafeLOGIC Compact, 2xI, 24V, 1xCAT4" and has 36 external machine option objects.
Module "X20SLX210_110.MainSN.SL1.SM1" is of type "X20 SafeLOGIC Compact, 2xI, 24V, 1xCAT4" and has 37 external machine option objects.
Module "X20SLX210_110.MainSN.SL1.SM1" is of type "X20 SafeLOGIC Compact, 2xI, 24V, 1xCAT4" and has 38 external machine option objects.
Module "X20SLX210_110.MainSN.SL1.SM1" is of type "X20 SafeLOGIC Compact, 2xI, 24V, 1xCAT4" and has 39 external machine option objects.
Module "X20SLX210_110.MainSN.SL1.SM1" is of type "X20 SafeLOGIC Compact, 2xI, 24V, 1xCAT4" and has 40 external machine option objects.
Module "X20SLX210_110.MainSN.SL1.SM1" is of type "X20 SafeLOGIC Compact, 2xI, 24V, 1xCAT4" and has 41 external machine option objects.
Module "X20SLX210_110.MainSN.SL1.SM1" is of type "X20 SafeLOGIC Compact, 2xI, 24V, 1xCAT4" and has 42 external machine option objects.
Module "X20SLX210_110.MainSN.SL1.SM1" is of type "X20 SafeLOGIC Compact, 2xI, 24V, 1xCAT4" and has 43 external machine option objects.
Module "X20SLX210_110.MainSN.SL1.SM1" is of type "X20 SafeLOGIC Compact, 2xI, 24V, 1xCAT4" and has 44 external machine option objects.
Module "X20SLX210_110.MainSN.SL1.SM1" is of type "X20 SafeLOGIC Compact, 2xI, 24V, 1xCAT4" and has 45 external machine option objects.
Module "X20SLX210_110.MainSN.SL1.SM1" is of type "X20 SafeLOGIC Compact, 2xI, 24V, 1xCAT4" and has 46 external machine option objects.
Module "X20SLX210_110.MainSN.SL1.SM1" is of type "X20 SafeLOGIC Compact, 2xI, 24V, 1xCAT4" and has 47 external machine option objects.
Module "X20SLX210_110.MainSN.SL1.SM1" is of type "X20 SafeLOGIC Compact, 2xI, 24V, 1xCAT4" and has 48 external machine option objects.
Module "X20SLX210_110.MainSN.SL1.SM1" is of type "X20 SafeLOGIC Compact, 2xI, 24V, 1xCAT4" and has 49 external machine option objects.
Module "X20SLX210_110.MainSN.SL1.SM1" is of type "X20 SafeLOGIC Compact, 2xI, 24V, 1xCAT4" and has 50 external machine option objects.
Module "X20SLX210_110.MainSN.SL1.SM1" is of type "X20 SafeLOGIC Compact, 2xI, 24V, 1xCAT4" and has 51 external machine option objects.
Module "X20SLX210_110.MainSN.SL1.SM1" is of type "X20 SafeLOGIC Compact, 2xI, 24V, 1xCAT4" and has 52 external machine option objects.
Module "X20SLX210_110.MainSN.SL1.SM1" is of type "X20 SafeLOGIC Compact, 2xI, 24V, 1xCAT4" and has 53 external machine option objects.
Module "X20SLX210_110.MainSN.SL1.SM1" is of type "X20 SafeLOGIC Compact, 2xI, 24V, 1xCAT4" and has 54 external machine option objects.
Module "X20SLX210_110.MainSN.SL1.SM1" is of type "X20 SafeLOGIC Compact, 2xI, 24V, 1xCAT4" and has 55 external machine option objects.
Module "X20SLX210_110.MainSN.SL1.SM1" is of type "X20 SafeLOGIC Compact, 2xI, 24V, 1xCAT4" and has 56 external machine option objects.
Module "X20SLX210_110.MainSN.SL1.SM1" is of type "X20 SafeLOGIC Compact, 2xI, 24V, 1xCAT4" and has 57 external machine option objects.
Module "X20SLX210_110.MainSN.SL1.SM1" is of type "X20 SafeLOGIC Compact, 2xI, 24V, 1xCAT4" and has 58 external machine option objects.
Module "X20SLX210_110.MainSN.SL1.SM1" is of type "X20 SafeLOGIC Compact, 2xI, 24V, 1xCAT4" and has 59 external machine option objects.
Module "X20SLX210_110.MainSN.SL1.SM1" is of type "X20 SafeLOGIC Compact, 2xI, 24V, 1xCAT4" and has 60 external machine option objects.
Module "X20SLX210_110.MainSN.SL1.SM1" is of type "X20 SafeLOGIC Compact, 2xI, 24V, 1xCAT4" and has 61 external machine option objects.
Module "X20SLX210_110.MainSN.SL1.SM1" is of type "X20 SafeLOGIC Compact, 2xI, 24V, 1xCAT4" and has 62 external machine option objects.
Module "X20SLX210_110.MainSN.SL1.SM1" is of type "X20 SafeLOGIC Compact, 2xI, 24V, 1xCAT4" and has 63 external machine option objects.
Module "X20SLX210_110.MainSN.SL1.SM1" is of type "X20 SafeLOGIC Compact, 2xI, 24V, 1xCAT4" and has 64 external machine option objects.
Module "X20SLX210_110.MainSN.SL1.SM1" is of type "X20SLX210" and has 23 channels and 7 parameter groups.
Content "name1" successfully read from "name2"



LOGAppend on Monday 2024/10/14  UTC 11:35:59:856

Reading "C:\Projects\BR\AS\6\Desk\baseProject\Physical\Config1\X20CP1684\mappSafety\mapp1\BusNavigator.iom"...
Reading Content "IOOffsets"
IO reservations (MAX number of bytes): SI=128  SO=64  NSI=64  NSO=64   ConValid = 4  BITEMOsOffset=0  BITEMOsSize=0
Reading properties for module "SL1.SM1". Beginning at line 3
Reading properties for channel "SafeDigitalInput01". Beginning at line 4
Reading properties for channel "SafeDigitalInput02". Beginning at line 5
Module "SL1.SM1.SL1.SM1" has 2 items.
Content "IOOffsets" successfully read from "C:\Projects\BR\AS\6\Desk\baseProject\Physical\Config1\X20CP1684\mappSafety\mapp1\BusNavigator.iom"
